<?xml version="1.0" encoding="UTF-8"?>
<!-- Generated by org.testng.reporters.JUnitXMLReporter -->
<testsuite ignored="0" hostname="Anjana-Raja" failures="0" tests="4" name="GroupTest" time="18.203" errors="0" timestamp="2024-05-11T16:14:23 IST">
  <testcase classname="testngframework.TestNGparallelexecutionOfClasses" name="ajioStore" time="9.42"/>
  <testcase classname="testngframework.TestNGParameters1" name="Parameterization" time="11.805"/>
  <testcase classname="testngframework.TestNGparallelexecutionOfClasses" name="bookMyShow" time="4.673"/>
  <testcase classname="testngframework.TestNGparallelexecutionOfClasses" name="shoppingKart" time="4.037"/>
</testsuite> <!-- GroupTest -->
